<?xml version="1.0" encoding="UTF-8"?>
<!-- Generated by org.testng.reporters.JUnitReportReporter -->
<testsuite hostname="LAPTOP-FV1112LB" failures="0" tests="1" name="Assignment.Amazon" time="51.240" errors="0" timestamp="2023-02-10T13:07:22 IST" skipped="0">
  <testcase classname="Assignment.Amazon" name="amazonTest" time="51.240"/>
  <system-out/>
</testsuite> <!-- Assignment.Amazon -->
